2025/02/27 09:49:49.242425 jobs_helpers.go:50: [32m[SERVICE][0m [Schedule] Job "Template Job" - Started
2025/02/27 09:49:49.242799 templateJob.go:91: [32m[SERVICE][0m [TemplateJob] Running 'Template Job' job across 2 locations
2025/02/27 09:49:49.242821 templateJob.go:94: [32m[SERVICE][0m [TemplateJob] Getting list of databases from 'main.main.GetDatabaseConnections.func28'
2025/02/27 09:49:49.242837 templateJob.go:100: [32m[SERVICE][0m [TemplateJob] Running 'Template Job' job across 1 database(s)
2025/02/27 09:49:49.243047 templateStore_helpers.go:82: [32m[SERVICE][0m [TemplateJob] Template(1/10) 250227094949159010000501054284
2025/02/27 09:49:49.243067 templateStore_helpers.go:82: [32m[SERVICE][0m [TemplateJob] Template(2/10) 250227094949167970000501073568
2025/02/27 09:49:49.243080 templateStore_helpers.go:82: [32m[SERVICE][0m [TemplateJob] Template(3/10) 250227094949176005000501063036
2025/02/27 09:49:49.243095 templateStore_helpers.go:82: [32m[SERVICE][0m [TemplateJob] Template(4/10) 250227094949183999000501098177
2025/02/27 09:49:49.243108 templateStore_helpers.go:82: [32m[SERVICE][0m [TemplateJob] Template(5/10) 250227094949192008000501083416
2025/02/27 09:49:49.243119 templateStore_helpers.go:82: [32m[SERVICE][0m [TemplateJob] Template(6/10) 250227094949200212000501077483
2025/02/27 09:49:49.243131 templateStore_helpers.go:82: [32m[SERVICE][0m [TemplateJob] Template(7/10) 250227094949209023000501046554
2025/02/27 09:49:49.243142 templateStore_helpers.go:82: [32m[SERVICE][0m [TemplateJob] Template(8/10) 250227094949217051000501060380
2025/02/27 09:49:49.243155 templateStore_helpers.go:82: [32m[SERVICE][0m [TemplateJob] Template(9/10) 250227094949226002000501031668
2025/02/27 09:49:49.243166 templateStore_helpers.go:82: [32m[SERVICE][0m [TemplateJob] Template(10/10) 250227094949234081000501007251
2025/02/27 09:49:49.243197 templateJob.go:94: [32m[SERVICE][0m [TemplateJob] Getting list of databases from 'main.main.GetDatabaseConnections.func29'
2025/02/27 09:49:49.243210 templateJob.go:100: [32m[SERVICE][0m [TemplateJob] Running 'Template Job' job across 1 database(s)
2025/02/27 09:49:49.243378 templateStore_helpers.go:82: [32m[SERVICE][0m [TemplateJob] Template(1/10) 250227094949159010000501054284
2025/02/27 09:49:49.243397 templateStore_helpers.go:82: [32m[SERVICE][0m [TemplateJob] Template(2/10) 250227094949167970000501073568
2025/02/27 09:49:49.243409 templateStore_helpers.go:82: [32m[SERVICE][0m [TemplateJob] Template(3/10) 250227094949176005000501063036
2025/02/27 09:49:49.243421 templateStore_helpers.go:82: [32m[SERVICE][0m [TemplateJob] Template(4/10) 250227094949183999000501098177
2025/02/27 09:49:49.243432 templateStore_helpers.go:82: [32m[SERVICE][0m [TemplateJob] Template(5/10) 250227094949192008000501083416
2025/02/27 09:49:49.243443 templateStore_helpers.go:82: [32m[SERVICE][0m [TemplateJob] Template(6/10) 250227094949200212000501077483
2025/02/27 09:49:49.243455 templateStore_helpers.go:82: [32m[SERVICE][0m [TemplateJob] Template(7/10) 250227094949209023000501046554
2025/02/27 09:49:49.243466 templateStore_helpers.go:82: [32m[SERVICE][0m [TemplateJob] Template(8/10) 250227094949217051000501060380
2025/02/27 09:49:49.243478 templateStore_helpers.go:82: [32m[SERVICE][0m [TemplateJob] Template(9/10) 250227094949226002000501031668
2025/02/27 09:49:49.243489 templateStore_helpers.go:82: [32m[SERVICE][0m [TemplateJob] Template(10/10) 250227094949234081000501007251
2025/02/27 09:49:49.243637 jobs_helpers.go:56: [32m[SERVICE][0m [Schedule] Job "Template Job" - Completed
2025/02/27 09:49:49.243654 jobs_helpers.go:57: [32m[SERVICE][0m [Schedule] Job "Template Job" Scheduled [0/30 * * * * *] [Every 30 seconds]
2025/02/27 09:52:24.732020 jobs_helpers.go:50: [32m[SERVICE][0m [Schedule] Job "Template Job" - Started
2025/02/27 09:52:24.732584 templateJob.go:91: [32m[SERVICE][0m [TemplateJob] Running 'Template Job' job across 2 locations
2025/02/27 09:52:24.732663 templateJob.go:94: [32m[SERVICE][0m [TemplateJob] Getting list of databases from 'main.main.GetDatabaseConnections.func28'
2025/02/27 09:52:24.732711 templateJob.go:100: [32m[SERVICE][0m [TemplateJob] Running 'Template Job' job across 1 database(s)
2025/02/27 09:52:24.733267 templateStore_helpers.go:83: [32m[SERVICE][0m [TemplateJob] Template(1/10) 250227095224647722000501093810
2025/02/27 09:52:24.742305 templateStore_helpers.go:83: [32m[SERVICE][0m [TemplateJob] Template(2/10) 250227095224657299000501030895
2025/02/27 09:52:24.751474 templateStore_helpers.go:83: [32m[SERVICE][0m [TemplateJob] Template(3/10) 250227095224665548000501015629
2025/02/27 09:52:24.760154 templateStore_helpers.go:83: [32m[SERVICE][0m [TemplateJob] Template(4/10) 250227095224674296000501024470
2025/02/27 09:52:24.768299 templateStore_helpers.go:83: [32m[SERVICE][0m [TemplateJob] Template(5/10) 250227095224682613000501062030
2025/02/27 09:52:24.776242 templateStore_helpers.go:83: [32m[SERVICE][0m [TemplateJob] Template(6/10) 250227095224691156000501088924
2025/02/27 09:52:24.785373 templateStore_helpers.go:83: [32m[SERVICE][0m [TemplateJob] Template(7/10) 250227095224699101000501051046
2025/02/27 09:52:24.794397 templateStore_helpers.go:83: [32m[SERVICE][0m [TemplateJob] Template(8/10) 250227095224707285000501088425
2025/02/27 09:52:24.804269 templateStore_helpers.go:83: [32m[SERVICE][0m [TemplateJob] Template(9/10) 250227095224715146000501046719
2025/02/27 09:52:24.814388 templateStore_helpers.go:83: [32m[SERVICE][0m [TemplateJob] Template(10/10) 250227095224723306000501034620
2025/02/27 09:52:24.823323 templateJob.go:94: [32m[SERVICE][0m [TemplateJob] Getting list of databases from 'main.main.GetDatabaseConnections.func29'
2025/02/27 09:52:24.823333 templateJob.go:100: [32m[SERVICE][0m [TemplateJob] Running 'Template Job' job across 1 database(s)
2025/02/27 09:52:24.823468 templateStore_helpers.go:83: [32m[SERVICE][0m [TemplateJob] Template(1/10) 250227095224647722000501093810
2025/02/27 09:52:24.832432 templateStore_helpers.go:83: [32m[SERVICE][0m [TemplateJob] Template(2/10) 250227095224657299000501030895
2025/02/27 09:52:24.841240 templateStore_helpers.go:83: [32m[SERVICE][0m [TemplateJob] Template(3/10) 250227095224665548000501015629
2025/02/27 09:52:24.850204 templateStore_helpers.go:83: [32m[SERVICE][0m [TemplateJob] Template(4/10) 250227095224674296000501024470
2025/02/27 09:52:24.858413 templateStore_helpers.go:83: [32m[SERVICE][0m [TemplateJob] Template(5/10) 250227095224682613000501062030
2025/02/27 09:52:24.867499 templateStore_helpers.go:83: [32m[SERVICE][0m [TemplateJob] Template(6/10) 250227095224691156000501088924
2025/02/27 09:52:24.876248 templateStore_helpers.go:83: [32m[SERVICE][0m [TemplateJob] Template(7/10) 250227095224699101000501051046
2025/02/27 09:52:24.884460 templateStore_helpers.go:83: [32m[SERVICE][0m [TemplateJob] Template(8/10) 250227095224707285000501088425
2025/02/27 09:52:24.894377 templateStore_helpers.go:83: [32m[SERVICE][0m [TemplateJob] Template(9/10) 250227095224715146000501046719
2025/02/27 09:52:24.902126 templateStore_helpers.go:83: [32m[SERVICE][0m [TemplateJob] Template(10/10) 250227095224723306000501034620
2025/02/27 09:52:24.910492 jobs_helpers.go:56: [32m[SERVICE][0m [Schedule] Job "Template Job" - Completed
2025/02/27 09:52:24.910539 jobs_helpers.go:57: [32m[SERVICE][0m [Schedule] Job "Template Job" Scheduled [0/30 * * * * *] [Every 30 seconds]
