2025/02/27 09:49:48.804734 main.go:26: [97m[INFO][0m templateStore Initialise Done
2025/02/27 09:49:48.805008 main.go:35: [97m[INFO][0m randNum: 5458
2025/02/27 09:49:48.816948 main.go:41: [97m[INFO][0m newRec:[{ID:100000 Key:45bac6b58368c7ecdfd813587a50586896cdb2ae2fdaf16b2f9a4a0ca56b7a8a Raw:250227094948805015000501089351 Audit:{CreatedAt:2025-02-27 09:49:48.805037 +0000 GMT m=+0.047412459 CreatedBy:sys_service CreatedOn:orion CreatedAtDisplay:2025-02-27 09:49:48 Updates:[{UpdatedAt:2025-02-27 09:49:48.805037 +0000 GMT m=+0.047412459 UpdateAction:CREA UpdatedBy:sys_service UpdatedOn:orion UpdatedAtDisplay:2025-02-27 09:49:48 UpdateNotes:New Template created 5458}] DeletedAt:0001-01-01 00:00:00 +0000 UTC DeletedBy: DeletedOn: DeletedAtDisplay: AuditSequence:1 DBVersion:1} Field1:5458 Field2:test Field3:2025-02-27 10:09:48.805036 +0000 GMT m=+1200.047411584}]
2025/02/27 09:49:48.819426 main.go:35: [97m[INFO][0m randNum: 7997
2025/02/27 09:49:48.826972 main.go:41: [97m[INFO][0m newRec:[{ID:100001 Key:1c5f507ca8ef0c28d8287828570bf9ca952301b4172d4b0ce671673f8994a1ad Raw:250227094948819446000501075072 Audit:{CreatedAt:2025-02-27 09:49:48.819453 +0000 GMT m=+0.061828418 CreatedBy:sys_service CreatedOn:orion CreatedAtDisplay:2025-02-27 09:49:48 Updates:[{UpdatedAt:2025-02-27 09:49:48.819453 +0000 GMT m=+0.061828418 UpdateAction:CREA UpdatedBy:sys_service UpdatedOn:orion UpdatedAtDisplay:2025-02-27 09:49:48 UpdateNotes:New Template created 7997}] DeletedAt:0001-01-01 00:00:00 +0000 UTC DeletedBy: DeletedOn: DeletedAtDisplay: AuditSequence:1 DBVersion:1} Field1:7997 Field2:test Field3:2025-02-27 10:09:48.819452 +0000 GMT m=+1200.061827251}]
2025/02/27 09:49:48.827675 main.go:35: [97m[INFO][0m randNum: 7879
2025/02/27 09:49:48.836002 main.go:41: [97m[INFO][0m newRec:[{ID:100002 Key:beee793fc7e1b3d06627be6cab9d6666f1906d78fcc064d3df208b6c2fc149a7 Raw:250227094948827687000501089110 Audit:{CreatedAt:2025-02-27 09:49:48.827692 +0000 GMT m=+0.070067418 CreatedBy:sys_service CreatedOn:orion CreatedAtDisplay:2025-02-27 09:49:48 Updates:[{UpdatedAt:2025-02-27 09:49:48.827692 +0000 GMT m=+0.070067418 UpdateAction:CREA UpdatedBy:sys_service UpdatedOn:orion UpdatedAtDisplay:2025-02-27 09:49:48 UpdateNotes:New Template created 7879}] DeletedAt:0001-01-01 00:00:00 +0000 UTC DeletedBy: DeletedOn: DeletedAtDisplay: AuditSequence:1 DBVersion:1} Field1:7879 Field2:test Field3:2025-02-27 10:09:48.827691 +0000 GMT m=+1200.070066751}]
2025/02/27 09:49:48.836924 main.go:35: [97m[INFO][0m randNum: 8442
2025/02/27 09:49:48.847208 main.go:41: [97m[INFO][0m newRec:[{ID:100003 Key:a4a7581e97be37b7e920d49a052424fb0156968b5b297b58efab449bdd37f68b Raw:250227094948836938000501059883 Audit:{CreatedAt:2025-02-27 09:49:48.836944 +0000 GMT m=+0.079319084 CreatedBy:sys_service CreatedOn:orion CreatedAtDisplay:2025-02-27 09:49:48 Updates:[{UpdatedAt:2025-02-27 09:49:48.836944 +0000 GMT m=+0.079319084 UpdateAction:CREA UpdatedBy:sys_service UpdatedOn:orion UpdatedAtDisplay:2025-02-27 09:49:48 UpdateNotes:New Template created 8442}] DeletedAt:0001-01-01 00:00:00 +0000 UTC DeletedBy: DeletedOn: DeletedAtDisplay: AuditSequence:1 DBVersion:1} Field1:8442 Field2:test Field3:2025-02-27 10:09:48.836943 +0000 GMT m=+1200.079318376}]
2025/02/27 09:49:48.850247 main.go:35: [97m[INFO][0m randNum: 1039
2025/02/27 09:49:48.858991 main.go:41: [97m[INFO][0m newRec:[{ID:100004 Key:3ce2ce86680dbc745e7d42b602d2e945fe281838485153f919d0fa9a4d16d249 Raw:250227094948850262000501098839 Audit:{CreatedAt:2025-02-27 09:49:48.850269 +0000 GMT m=+0.092644793 CreatedBy:sys_service CreatedOn:orion CreatedAtDisplay:2025-02-27 09:49:48 Updates:[{UpdatedAt:2025-02-27 09:49:48.850269 +0000 GMT m=+0.092644793 UpdateAction:CREA UpdatedBy:sys_service UpdatedOn:orion UpdatedAtDisplay:2025-02-27 09:49:48 UpdateNotes:New Template created 1039}] DeletedAt:0001-01-01 00:00:00 +0000 UTC DeletedBy: DeletedOn: DeletedAtDisplay: AuditSequence:1 DBVersion:1} Field1:1039 Field2:test Field3:2025-02-27 10:09:48.850268 +0000 GMT m=+1200.092643834}]
2025/02/27 09:49:48.860043 main.go:35: [97m[INFO][0m randNum: 7259
2025/02/27 09:49:48.867939 main.go:41: [97m[INFO][0m newRec:[{ID:100005 Key:1b7e1e227da62eab3358fb4f389bf139cfd52636169c4c8ef08b1619c3095dbf Raw:250227094948860064000501051127 Audit:{CreatedAt:2025-02-27 09:49:48.86007 +0000 GMT m=+0.102445084 CreatedBy:sys_service CreatedOn:orion CreatedAtDisplay:2025-02-27 09:49:48 Updates:[{UpdatedAt:2025-02-27 09:49:48.86007 +0000 GMT m=+0.102445084 UpdateAction:CREA UpdatedBy:sys_service UpdatedOn:orion UpdatedAtDisplay:2025-02-27 09:49:48 UpdateNotes:New Template created 7259}] DeletedAt:0001-01-01 00:00:00 +0000 UTC DeletedBy: DeletedOn: DeletedAtDisplay: AuditSequence:1 DBVersion:1} Field1:7259 Field2:test Field3:2025-02-27 10:09:48.860069 +0000 GMT m=+1200.102444543}]
2025/02/27 09:49:48.868422 main.go:35: [97m[INFO][0m randNum: 1582
2025/02/27 09:49:48.876963 main.go:41: [97m[INFO][0m newRec:[{ID:100006 Key:d9d92aa3368eab21c971a8015e7b466e297415c4927a8c85b9a95e0bd56afc77 Raw:250227094948868430000501083524 Audit:{CreatedAt:2025-02-27 09:49:48.868437 +0000 GMT m=+0.110811959 CreatedBy:sys_service CreatedOn:orion CreatedAtDisplay:2025-02-27 09:49:48 Updates:[{UpdatedAt:2025-02-27 09:49:48.868437 +0000 GMT m=+0.110811959 UpdateAction:CREA UpdatedBy:sys_service UpdatedOn:orion UpdatedAtDisplay:2025-02-27 09:49:48 UpdateNotes:New Template created 1582}] DeletedAt:0001-01-01 00:00:00 +0000 UTC DeletedBy: DeletedOn: DeletedAtDisplay: AuditSequence:1 DBVersion:1} Field1:1582 Field2:test Field3:2025-02-27 10:09:48.868436 +0000 GMT m=+1200.110811126}]
2025/02/27 09:49:48.877512 main.go:35: [97m[INFO][0m randNum: 6389
2025/02/27 09:49:48.885984 main.go:41: [97m[INFO][0m newRec:[{ID:100007 Key:82747586a94d048038bef69d44351ad5924fbc42917ab57f8443035623c1de12 Raw:250227094948877521000501055669 Audit:{CreatedAt:2025-02-27 09:49:48.877526 +0000 GMT m=+0.119901168 CreatedBy:sys_service CreatedOn:orion CreatedAtDisplay:2025-02-27 09:49:48 Updates:[{UpdatedAt:2025-02-27 09:49:48.877526 +0000 GMT m=+0.119901168 UpdateAction:CREA UpdatedBy:sys_service UpdatedOn:orion UpdatedAtDisplay:2025-02-27 09:49:48 UpdateNotes:New Template created 6389}] DeletedAt:0001-01-01 00:00:00 +0000 UTC DeletedBy: DeletedOn: DeletedAtDisplay: AuditSequence:1 DBVersion:1} Field1:6389 Field2:test Field3:2025-02-27 10:09:48.877525 +0000 GMT m=+1200.119900543}]
2025/02/27 09:49:48.886454 main.go:35: [97m[INFO][0m randNum: 9191
2025/02/27 09:49:48.895157 main.go:41: [97m[INFO][0m newRec:[{ID:100008 Key:61b78287cbd310dfd4c7f09adb49181535c74b1dcdd1a02bfe84a3984bcf4c18 Raw:250227094948886462000501058131 Audit:{CreatedAt:2025-02-27 09:49:48.886467 +0000 GMT m=+0.128842918 CreatedBy:sys_service CreatedOn:orion CreatedAtDisplay:2025-02-27 09:49:48 Updates:[{UpdatedAt:2025-02-27 09:49:48.886467 +0000 GMT m=+0.128842918 UpdateAction:CREA UpdatedBy:sys_service UpdatedOn:orion UpdatedAtDisplay:2025-02-27 09:49:48 UpdateNotes:New Template created 9191}] DeletedAt:0001-01-01 00:00:00 +0000 UTC DeletedBy: DeletedOn: DeletedAtDisplay: AuditSequence:1 DBVersion:1} Field1:9191 Field2:test Field3:2025-02-27 10:09:48.886467 +0000 GMT m=+1200.128842334}]
2025/02/27 09:49:48.895697 main.go:35: [97m[INFO][0m randNum: 8177
2025/02/27 09:49:48.903983 main.go:41: [97m[INFO][0m newRec:[{ID:100009 Key:6c094e69c03aa663b4fabc4be76c83b795c192c9fc7cf4ea72eab194c873819c Raw:250227094948895715000501038667 Audit:{CreatedAt:2025-02-27 09:49:48.89572 +0000 GMT m=+0.138095626 CreatedBy:sys_service CreatedOn:orion CreatedAtDisplay:2025-02-27 09:49:48 Updates:[{UpdatedAt:2025-02-27 09:49:48.89572 +0000 GMT m=+0.138095626 UpdateAction:CREA UpdatedBy:sys_service UpdatedOn:orion UpdatedAtDisplay:2025-02-27 09:49:48 UpdateNotes:New Template created 8177}] DeletedAt:0001-01-01 00:00:00 +0000 UTC DeletedBy: DeletedOn: DeletedAtDisplay: AuditSequence:1 DBVersion:1} Field1:8177 Field2:test Field3:2025-02-27 10:09:48.89572 +0000 GMT m=+1200.138094959}]
2025/02/27 09:49:48.916479 main.go:54: [97m[INFO][0m lk:[{Data:[{Key:45bac6b58368c7ecdfd813587a50586896cdb2ae2fdaf16b2f9a4a0ca56b7a8a Value:250227094948805015000501089351 AltID: Description: ObjectDomain: Selected:false} {Key:1c5f507ca8ef0c28d8287828570bf9ca952301b4172d4b0ce671673f8994a1ad Value:250227094948819446000501075072 AltID: Description: ObjectDomain: Selected:false} {Key:beee793fc7e1b3d06627be6cab9d6666f1906d78fcc064d3df208b6c2fc149a7 Value:250227094948827687000501089110 AltID: Description: ObjectDomain: Selected:false} {Key:a4a7581e97be37b7e920d49a052424fb0156968b5b297b58efab449bdd37f68b Value:250227094948836938000501059883 AltID: Description: ObjectDomain: Selected:false} {Key:3ce2ce86680dbc745e7d42b602d2e945fe281838485153f919d0fa9a4d16d249 Value:250227094948850262000501098839 AltID: Description: ObjectDomain: Selected:false} {Key:1b7e1e227da62eab3358fb4f389bf139cfd52636169c4c8ef08b1619c3095dbf Value:250227094948860064000501051127 AltID: Description: ObjectDomain: Selected:false} {Key:d9d92aa3368eab21c971a8015e7b466e297415c4927a8c85b9a95e0bd56afc77 Value:250227094948868430000501083524 AltID: Description: ObjectDomain: Selected:false} {Key:82747586a94d048038bef69d44351ad5924fbc42917ab57f8443035623c1de12 Value:250227094948877521000501055669 AltID: Description: ObjectDomain: Selected:false} {Key:61b78287cbd310dfd4c7f09adb49181535c74b1dcdd1a02bfe84a3984bcf4c18 Value:250227094948886462000501058131 AltID: Description: ObjectDomain: Selected:false} {Key:6c094e69c03aa663b4fabc4be76c83b795c192c9fc7cf4ea72eab194c873819c Value:250227094948895715000501038667 AltID: Description: ObjectDomain: Selected:false}]}]
2025/02/27 09:49:48.916616 main.go:61: [97m[INFO][0m count:[10]
2025/02/27 09:49:48.916712 main.go:68: [97m[INFO][0m count:[1]
2025/02/27 09:49:48.916882 main.go:75: [97m[INFO][0m count2:[10]
2025/02/27 09:49:48.917171 main.go:89: [97m[INFO][0m count4:[0]
2025/02/27 09:49:48.925905 main.go:96: [97m[INFO][0m drop:[templ]
2025/02/27 09:49:48.925942 main.go:103: [97m[INFO][0m cdrop:[0]
2025/02/27 09:49:49.034925 templateStore.go:322: [97m[INFO][0m Deleting Template (0/10) dc38853f500133c976109b646f171d8c643c47802b0c97fdcc1dca9877855b73
2025/02/27 09:49:49.043953 templateStore.go:322: [97m[INFO][0m Deleting Template (1/10) a8b502874d4f6a2b5f8a990b49719cf73982e585d89bead4859f18694fef38b6
2025/02/27 09:49:49.054944 templateStore.go:322: [97m[INFO][0m Deleting Template (2/10) 2b49c58a013df5a1cb065d9b3af8c975c918ca5e6781e12ac434459f68a29f99
2025/02/27 09:49:49.065965 templateStore.go:322: [97m[INFO][0m Deleting Template (3/10) 7de9d80e7d9f7e7afd25fa99afee9ba8abf7adf6c4879bffa87a7470d2e4e318
2025/02/27 09:49:49.075963 templateStore.go:322: [97m[INFO][0m Deleting Template (4/10) 7f42064a9c8f5c75f61f99916858fdc85bd9ef9314af7d8efe0a762eac082889
2025/02/27 09:49:49.107949 templateStore.go:322: [97m[INFO][0m Deleting Template (5/10) e490f3c329afe66e822166b59e6fc553c721ff6c95a22befe14a333eec62eb27
2025/02/27 09:49:49.117009 templateStore.go:322: [97m[INFO][0m Deleting Template (6/10) 0d06e190ee4f901c5795098deee592395d440db58598bdca25397b987d4009e8
2025/02/27 09:49:49.126017 templateStore.go:322: [97m[INFO][0m Deleting Template (7/10) 589bbeedacdd813e36ea0fcbde43043dab4059e753e6cfcc53e1e97ec6cddbd6
2025/02/27 09:49:49.134976 templateStore.go:322: [97m[INFO][0m Deleting Template (8/10) aa20cde80e83b75f30443d7616da93ade9dd76dcae247643ee27aa61812def56
2025/02/27 09:49:49.144997 templateStore.go:322: [97m[INFO][0m Deleting Template (9/10) 8b8e6467cf510e8ab78d233b5ab847bcfefb56ca7429e2f14b3e57cfc7cabdb5
2025/02/27 09:49:49.156980 main.go:122: [97m[INFO][0m Drop Data Post Export:[templ]
2025/02/27 09:49:49.242270 main.go:131: [97m[INFO][0m Post Import:[10]
2025/02/27 09:52:24.249521 templateStore.go:322: [97m[INFO][0m Deleting Template (0/10) c80ae740b15e9d6968f307e22681591af93bfc3b9cfaa69fbd870a71df364cce
2025/02/27 09:52:24.261043 templateStore.go:322: [97m[INFO][0m Deleting Template (1/10) 0221db7f917c2f609c6259ca18f39d2a5efc19c38f6ee6199f350aa608bf3223
2025/02/27 09:52:24.276164 templateStore.go:322: [97m[INFO][0m Deleting Template (2/10) 59db71028a59be3b67e9d44898b2416feb1036c59080347f07f225dadbcc847f
2025/02/27 09:52:24.287110 templateStore.go:322: [97m[INFO][0m Deleting Template (3/10) c5a4111c1d24ac98fe92a82c99b59a897edf49312280f8b4e100f1b331d43657
2025/02/27 09:52:24.297170 templateStore.go:322: [97m[INFO][0m Deleting Template (4/10) 1c04785e2dafe6a473675fc787a79bf655c09b6a2f00f4cc94fac3f68929cdf4
2025/02/27 09:52:24.306132 templateStore.go:322: [97m[INFO][0m Deleting Template (5/10) 761bd570147faf207ba29903a4d85cb0f311fa483c831e3d1aa4134a89d3ff9e
2025/02/27 09:52:24.319118 templateStore.go:322: [97m[INFO][0m Deleting Template (6/10) 482909ae4794f05377bd48a09278a784f724071b4b0a7b9ee810d3d86b3b8ea3
2025/02/27 09:52:24.332121 templateStore.go:322: [97m[INFO][0m Deleting Template (7/10) 242b1b327958b22dab776bf871d99304f19d68f1091e565dfe671bd46f53d658
2025/02/27 09:52:24.341173 templateStore.go:322: [97m[INFO][0m Deleting Template (8/10) d81e4ea7b3e6f4220a91cdc4e0a6e7f3a854cefa77b2c5d85b4febd510f19dbf
2025/02/27 09:52:24.352142 templateStore.go:322: [97m[INFO][0m Deleting Template (9/10) 0f02da9d67765ad7e91bbb30dfee7e17bb4b7ce6bdb75e302e0ea54bc22e3416
2025/02/27 09:52:24.364259 main.go:26: [97m[INFO][0m templateStore Initialise Done
2025/02/27 09:52:24.364420 main.go:35: [97m[INFO][0m randNum: 8840
2025/02/27 09:52:24.374118 main.go:41: [97m[INFO][0m newRec:[{ID:100020 Key:6cbf58dd7bd007f9ada8b0787032178eb15ab2a0cd6d22fb4b868f9ffe911500 Raw:250227095224364435000501051127 Audit:{CreatedAt:2025-02-27 09:52:24.364445 +0000 GMT m=+0.120898876 CreatedBy:sys_service CreatedOn:orion CreatedAtDisplay:2025-02-27 09:52:24 Updates:[{UpdatedAt:2025-02-27 09:52:24.364445 +0000 GMT m=+0.120898876 UpdateAction:CREA UpdatedBy:sys_service UpdatedOn:orion UpdatedAtDisplay:2025-02-27 09:52:24 UpdateNotes:New Template created 8840}] DeletedAt:0001-01-01 00:00:00 +0000 UTC DeletedBy: DeletedOn: DeletedAtDisplay: AuditSequence:1 DBVersion:1} Field1:8840 Field2:test Field3:2025-02-27 10:12:24.364444 +0000 GMT m=+1200.120897917}]
2025/02/27 09:52:24.374675 main.go:35: [97m[INFO][0m randNum: 1064
2025/02/27 09:52:24.383181 main.go:41: [97m[INFO][0m newRec:[{ID:100021 Key:58944365808e60d67c7107199bf39e1be441a6a8e07b76464bc58de742661eb1 Raw:250227095224374686000501083524 Audit:{CreatedAt:2025-02-27 09:52:24.374698 +0000 GMT m=+0.131151584 CreatedBy:sys_service CreatedOn:orion CreatedAtDisplay:2025-02-27 09:52:24 Updates:[{UpdatedAt:2025-02-27 09:52:24.374698 +0000 GMT m=+0.131151584 UpdateAction:CREA UpdatedBy:sys_service UpdatedOn:orion UpdatedAtDisplay:2025-02-27 09:52:24 UpdateNotes:New Template created 1064}] DeletedAt:0001-01-01 00:00:00 +0000 UTC DeletedBy: DeletedOn: DeletedAtDisplay: AuditSequence:1 DBVersion:1} Field1:1064 Field2:test Field3:2025-02-27 10:12:24.374697 +0000 GMT m=+1200.131150876}]
2025/02/27 09:52:24.383667 main.go:35: [97m[INFO][0m randNum: 7440
2025/02/27 09:52:24.392210 main.go:41: [97m[INFO][0m newRec:[{ID:100022 Key:9fe4ceb949d97e959aafebb43206bc643b751a9b05c7282252e6549c06f9a36f Raw:250227095224383678000501055669 Audit:{CreatedAt:2025-02-27 09:52:24.383684 +0000 GMT m=+0.140137584 CreatedBy:sys_service CreatedOn:orion CreatedAtDisplay:2025-02-27 09:52:24 Updates:[{UpdatedAt:2025-02-27 09:52:24.383684 +0000 GMT m=+0.140137584 UpdateAction:CREA UpdatedBy:sys_service UpdatedOn:orion UpdatedAtDisplay:2025-02-27 09:52:24 UpdateNotes:New Template created 7440}] DeletedAt:0001-01-01 00:00:00 +0000 UTC DeletedBy: DeletedOn: DeletedAtDisplay: AuditSequence:1 DBVersion:1} Field1:7440 Field2:test Field3:2025-02-27 10:12:24.383683 +0000 GMT m=+1200.140136667}]
2025/02/27 09:52:24.392688 main.go:35: [97m[INFO][0m randNum: 1812
2025/02/27 09:52:24.401028 main.go:41: [97m[INFO][0m newRec:[{ID:100023 Key:eb129ef0b57131271345df0cb691aaf82b190b55e18eb2c7da367445373586c5 Raw:250227095224392697000501058131 Audit:{CreatedAt:2025-02-27 09:52:24.392701 +0000 GMT m=+0.149155084 CreatedBy:sys_service CreatedOn:orion CreatedAtDisplay:2025-02-27 09:52:24 Updates:[{UpdatedAt:2025-02-27 09:52:24.392701 +0000 GMT m=+0.149155084 UpdateAction:CREA UpdatedBy:sys_service UpdatedOn:orion UpdatedAtDisplay:2025-02-27 09:52:24 UpdateNotes:New Template created 1812}] DeletedAt:0001-01-01 00:00:00 +0000 UTC DeletedBy: DeletedOn: DeletedAtDisplay: AuditSequence:1 DBVersion:1} Field1:1812 Field2:test Field3:2025-02-27 10:12:24.392701 +0000 GMT m=+1200.149154417}]
2025/02/27 09:52:24.401554 main.go:35: [97m[INFO][0m randNum: 6748
2025/02/27 09:52:24.410140 main.go:41: [97m[INFO][0m newRec:[{ID:100024 Key:bab519a10398369b3e6dec0a9ffbe0a4edf3eca21c3be708684355f314384387 Raw:250227095224401565000501038667 Audit:{CreatedAt:2025-02-27 09:52:24.401569 +0000 GMT m=+0.158023126 CreatedBy:sys_service CreatedOn:orion CreatedAtDisplay:2025-02-27 09:52:24 Updates:[{UpdatedAt:2025-02-27 09:52:24.401569 +0000 GMT m=+0.158023126 UpdateAction:CREA UpdatedBy:sys_service UpdatedOn:orion UpdatedAtDisplay:2025-02-27 09:52:24 UpdateNotes:New Template created 6748}] DeletedAt:0001-01-01 00:00:00 +0000 UTC DeletedBy: DeletedOn: DeletedAtDisplay: AuditSequence:1 DBVersion:1} Field1:6748 Field2:test Field3:2025-02-27 10:12:24.401569 +0000 GMT m=+1200.158022459}]
2025/02/27 09:52:24.410595 main.go:35: [97m[INFO][0m randNum: 2199
2025/02/27 09:52:24.419119 main.go:41: [97m[INFO][0m newRec:[{ID:100025 Key:cef89ef47935f337c11ec3bc7c7fc8ad85e232333fdce1de8634fea7f76873b5 Raw:250227095224410604000501098091 Audit:{CreatedAt:2025-02-27 09:52:24.41061 +0000 GMT m=+0.167063459 CreatedBy:sys_service CreatedOn:orion CreatedAtDisplay:2025-02-27 09:52:24 Updates:[{UpdatedAt:2025-02-27 09:52:24.41061 +0000 GMT m=+0.167063459 UpdateAction:CREA UpdatedBy:sys_service UpdatedOn:orion UpdatedAtDisplay:2025-02-27 09:52:24 UpdateNotes:New Template created 2199}] DeletedAt:0001-01-01 00:00:00 +0000 UTC DeletedBy: DeletedOn: DeletedAtDisplay: AuditSequence:1 DBVersion:1} Field1:2199 Field2:test Field3:2025-02-27 10:12:24.410609 +0000 GMT m=+1200.167062917}]
2025/02/27 09:52:24.419603 main.go:35: [97m[INFO][0m randNum: 9168
2025/02/27 09:52:24.428162 main.go:41: [97m[INFO][0m newRec:[{ID:100026 Key:62ddc2b2bc7c6873fbb398299bc6d44ab5f28cd0fc625b87f134ae3a4819eee0 Raw:250227095224419611000501026702 Audit:{CreatedAt:2025-02-27 09:52:24.419617 +0000 GMT m=+0.176070334 CreatedBy:sys_service CreatedOn:orion CreatedAtDisplay:2025-02-27 09:52:24 Updates:[{UpdatedAt:2025-02-27 09:52:24.419617 +0000 GMT m=+0.176070334 UpdateAction:CREA UpdatedBy:sys_service UpdatedOn:orion UpdatedAtDisplay:2025-02-27 09:52:24 UpdateNotes:New Template created 9168}] DeletedAt:0001-01-01 00:00:00 +0000 UTC DeletedBy: DeletedOn: DeletedAtDisplay: AuditSequence:1 DBVersion:1} Field1:9168 Field2:test Field3:2025-02-27 10:12:24.419616 +0000 GMT m=+1200.176069792}]
2025/02/27 09:52:24.428966 main.go:35: [97m[INFO][0m randNum: 7589
2025/02/27 09:52:24.437030 main.go:41: [97m[INFO][0m newRec:[{ID:100027 Key:4510bc89a6e612686099f3629e0d45a7c61cdcef7014fe85373f02d157441479 Raw:250227095224428977000501059849 Audit:{CreatedAt:2025-02-27 09:52:24.428981 +0000 GMT m=+0.185434959 CreatedBy:sys_service CreatedOn:orion CreatedAtDisplay:2025-02-27 09:52:24 Updates:[{UpdatedAt:2025-02-27 09:52:24.428981 +0000 GMT m=+0.185434959 UpdateAction:CREA UpdatedBy:sys_service UpdatedOn:orion UpdatedAtDisplay:2025-02-27 09:52:24 UpdateNotes:New Template created 7589}] DeletedAt:0001-01-01 00:00:00 +0000 UTC DeletedBy: DeletedOn: DeletedAtDisplay: AuditSequence:1 DBVersion:1} Field1:7589 Field2:test Field3:2025-02-27 10:12:24.428981 +0000 GMT m=+1200.185434459}]
2025/02/27 09:52:24.437515 main.go:35: [97m[INFO][0m randNum: 3867
2025/02/27 09:52:24.446174 main.go:41: [97m[INFO][0m newRec:[{ID:100028 Key:3fbba043b70fd68f9ea20472ae8eabd161e5ce3173539a5ce8d44ff0e8f4a2d9 Raw:250227095224437524000501023967 Audit:{CreatedAt:2025-02-27 09:52:24.437528 +0000 GMT m=+0.193981626 CreatedBy:sys_service CreatedOn:orion CreatedAtDisplay:2025-02-27 09:52:24 Updates:[{UpdatedAt:2025-02-27 09:52:24.437528 +0000 GMT m=+0.193981626 UpdateAction:CREA UpdatedBy:sys_service UpdatedOn:orion UpdatedAtDisplay:2025-02-27 09:52:24 UpdateNotes:New Template created 3867}] DeletedAt:0001-01-01 00:00:00 +0000 UTC DeletedBy: DeletedOn: DeletedAtDisplay: AuditSequence:1 DBVersion:1} Field1:3867 Field2:test Field3:2025-02-27 10:12:24.437527 +0000 GMT m=+1200.193981001}]
2025/02/27 09:52:24.446664 main.go:35: [97m[INFO][0m randNum: 4754
2025/02/27 09:52:24.455054 main.go:41: [97m[INFO][0m newRec:[{ID:100029 Key:972d746113b43e176c466e685fadc8c9b22cccbdc81f31617d6c3f9eb07e7ebb Raw:250227095224446673000501026895 Audit:{CreatedAt:2025-02-27 09:52:24.446678 +0000 GMT m=+0.203131584 CreatedBy:sys_service CreatedOn:orion CreatedAtDisplay:2025-02-27 09:52:24 Updates:[{UpdatedAt:2025-02-27 09:52:24.446678 +0000 GMT m=+0.203131584 UpdateAction:CREA UpdatedBy:sys_service UpdatedOn:orion UpdatedAtDisplay:2025-02-27 09:52:24 UpdateNotes:New Template created 4754}] DeletedAt:0001-01-01 00:00:00 +0000 UTC DeletedBy: DeletedOn: DeletedAtDisplay: AuditSequence:1 DBVersion:1} Field1:4754 Field2:test Field3:2025-02-27 10:12:24.446677 +0000 GMT m=+1200.203131042}]
2025/02/27 09:52:24.463098 main.go:54: [97m[INFO][0m lk:[{Data:[{Key:6cbf58dd7bd007f9ada8b0787032178eb15ab2a0cd6d22fb4b868f9ffe911500 Value:250227095224364435000501051127 AltID: Description: ObjectDomain: Selected:false} {Key:58944365808e60d67c7107199bf39e1be441a6a8e07b76464bc58de742661eb1 Value:250227095224374686000501083524 AltID: Description: ObjectDomain: Selected:false} {Key:9fe4ceb949d97e959aafebb43206bc643b751a9b05c7282252e6549c06f9a36f Value:250227095224383678000501055669 AltID: Description: ObjectDomain: Selected:false} {Key:eb129ef0b57131271345df0cb691aaf82b190b55e18eb2c7da367445373586c5 Value:250227095224392697000501058131 AltID: Description: ObjectDomain: Selected:false} {Key:bab519a10398369b3e6dec0a9ffbe0a4edf3eca21c3be708684355f314384387 Value:250227095224401565000501038667 AltID: Description: ObjectDomain: Selected:false} {Key:cef89ef47935f337c11ec3bc7c7fc8ad85e232333fdce1de8634fea7f76873b5 Value:250227095224410604000501098091 AltID: Description: ObjectDomain: Selected:false} {Key:62ddc2b2bc7c6873fbb398299bc6d44ab5f28cd0fc625b87f134ae3a4819eee0 Value:250227095224419611000501026702 AltID: Description: ObjectDomain: Selected:false} {Key:4510bc89a6e612686099f3629e0d45a7c61cdcef7014fe85373f02d157441479 Value:250227095224428977000501059849 AltID: Description: ObjectDomain: Selected:false} {Key:3fbba043b70fd68f9ea20472ae8eabd161e5ce3173539a5ce8d44ff0e8f4a2d9 Value:250227095224437524000501023967 AltID: Description: ObjectDomain: Selected:false} {Key:972d746113b43e176c466e685fadc8c9b22cccbdc81f31617d6c3f9eb07e7ebb Value:250227095224446673000501026895 AltID: Description: ObjectDomain: Selected:false}]}]
2025/02/27 09:52:24.463225 main.go:61: [97m[INFO][0m count:[10]
2025/02/27 09:52:24.463304 main.go:68: [97m[INFO][0m count:[1]
2025/02/27 09:52:24.463379 main.go:75: [97m[INFO][0m count2:[10]
2025/02/27 09:52:24.463723 main.go:89: [97m[INFO][0m count4:[0]
2025/02/27 09:52:24.472210 main.go:96: [97m[INFO][0m drop:[templ]
2025/02/27 09:52:24.472243 main.go:103: [97m[INFO][0m cdrop:[0]
2025/02/27 09:52:24.557427 templateStore.go:322: [97m[INFO][0m Deleting Template (0/10) c552dca262ac88490dcb17c03aa85beb29987dcf6c0e5f77bdf943ff3a400bf5
2025/02/27 09:52:24.566131 templateStore.go:322: [97m[INFO][0m Deleting Template (1/10) 20131f33be5e297e7f26d32c01daf176504be6841f42a57ebb117397b23f7442
2025/02/27 09:52:24.575116 templateStore.go:322: [97m[INFO][0m Deleting Template (2/10) e786ff4864079160db226559b852d39a628bb5722149325c371321023217e987
2025/02/27 09:52:24.584159 templateStore.go:322: [97m[INFO][0m Deleting Template (3/10) fb24e2c256add7c6f548a86e76083ea7674521709745cbff9bad4d3fe45e192b
2025/02/27 09:52:24.593126 templateStore.go:322: [97m[INFO][0m Deleting Template (4/10) fd68b6c80ca7d4d22a5f51ef0a3db4e2186ee0467295ff2849c3384134a7ad00
2025/02/27 09:52:24.602095 templateStore.go:322: [97m[INFO][0m Deleting Template (5/10) 399d9e2b913a556c56d2f92504380c4a006edab8207a04cc102cf35d91e4e816
2025/02/27 09:52:24.611170 templateStore.go:322: [97m[INFO][0m Deleting Template (6/10) d934c2231d9e7a4d6b4597384ece652a46088145b04b52fb321ecc1ae0788edc
2025/02/27 09:52:24.620147 templateStore.go:322: [97m[INFO][0m Deleting Template (7/10) cb3b72120f374ea1ff0ac1d076ae7dc91fc1f5b9582eb779e5ecce3204bf1c5f
2025/02/27 09:52:24.629011 templateStore.go:322: [97m[INFO][0m Deleting Template (8/10) a1ad4fc830486ff71d33fbad094700d127fd2d29b1d344f95b62c7f617637ece
2025/02/27 09:52:24.638256 templateStore.go:322: [97m[INFO][0m Deleting Template (9/10) ec9f45c81fa4ab421a7bbb29b5b028f329375a3e87cf3f6f2907be372ca847a8
2025/02/27 09:52:24.647285 main.go:122: [97m[INFO][0m Drop Data Post Export:[templ]
2025/02/27 09:52:24.731886 main.go:131: [97m[INFO][0m Post Import:[10]
